The target system is: Generic - 3.2.99 - arm
The host system is: Darwin - 22.1.0 - arm64
Compiling the C compiler identification source file "CMakeCCompilerId.c" succeeded.
Compiler: /opt/nordic/ncs/toolchains/v2.3.0/opt/zephyr-sdk/arm-zephyr-eabi/bin/arm-zephyr-eabi-gcc 
Build flags: 
Id flags: -c 

The output was:
0


Compilation of the C compiler identification source "CMakeCCompilerId.c" produced "CMakeCCompilerId.o"

The C compiler identification is GNU, found in "/Users/marius/Documents/GitHub/bachelornordic/MOB_unit/build_1/CMakeFiles/3.20.5/CompilerIdC/CMakeCCompilerId.o"

Compiling the CXX compiler identification source file "CMakeCXXCompilerId.cpp" succeeded.
Compiler: /opt/nordic/ncs/toolchains/v2.3.0/opt/zephyr-sdk/arm-zephyr-eabi/bin/arm-zephyr-eabi-g++ 
Build flags: 
Id flags: -c 

The output was:
0


Compilation of the CXX compiler identification source "CMakeCXXCompilerId.cpp" produced "CMakeCXXCompilerId.o"

The CXX compiler identification is GNU, found in "/Users/marius/Documents/GitHub/bachelornordic/MOB_unit/build_1/CMakeFiles/3.20.5/CompilerIdCXX/CMakeCXXCompilerId.o"

Checking whether the ASM compiler is GNU using "--version" matched "(GNU assembler)|(GCC)|(Free Software Foundation)":
arm-zephyr-eabi-gcc (Zephyr SDK 0.15.2) 12.1.0
Copyright (C) 2022 Free Software Foundation, Inc.
This is free software; see the source for copying conditions.  There is NO
warranty; not even for MERCHANTABILITY or FITNESS FOR A PARTICULAR PURPOSE.

Performing C SOURCE FILE Test check_fmacro_prefix_map__Users_marius_Documents_GitHub_bachelornordic_MOB_unit_CMAKE_SOURCE_DIR_C__nostartfiles__nostdlib__isystem___opt_nordic_ncs_toolchains_v2_3_0_opt_zephyr_sdk_arm_zephyr_eabi_bin____lib_gcc_arm_zephyr_eabi_12_1_0_include___isystem___opt_nordic_ncs_toolchains_v2_3_0_opt_zephyr_sdk_arm_zephyr_eabi_bin____lib_gcc_arm_zephyr_eabi_12_1_0_include_fixed___Wl___unresolved_symbols_ignore_in_object_files__Wl___entry_0 succeeded with the following output:
Change Dir: /Users/marius/Documents/GitHub/bachelornordic/MOB_unit/build_1/CMakeFiles/CMakeTmp

Run Build Command(s):/opt/nordic/ncs/toolchains/v2.3.0/bin/ninja cmTC_96523 && [1/2] Building C object CMakeFiles/cmTC_96523.dir/src.c.obj
[2/2] Linking C executable cmTC_96523


Source file was:
int main(void) { return 0; }
Performing C SOURCE FILE Test check_C__nostartfiles__nostdlib__isystem___opt_nordic_ncs_toolchains_v2_3_0_opt_zephyr_sdk_arm_zephyr_eabi_bin____lib_gcc_arm_zephyr_eabi_12_1_0_include___isystem___opt_nordic_ncs_toolchains_v2_3_0_opt_zephyr_sdk_arm_zephyr_eabi_bin____lib_gcc_arm_zephyr_eabi_12_1_0_include_fixed___Wl___unresolved_symbols_ignore_in_object_files__Wl___entry_0__no_pie__mcpu_cortex_m33__mthumb__mabi_aapcs__mfpu_fpv5_sp_d16__mfloat_abi_hard__mfp16_format_ieee succeeded with the following output:
Change Dir: /Users/marius/Documents/GitHub/bachelornordic/MOB_unit/build_1/CMakeFiles/CMakeTmp

Run Build Command(s):/opt/nordic/ncs/toolchains/v2.3.0/bin/ninja cmTC_c40d3 && [1/2] Building C object CMakeFiles/cmTC_c40d3.dir/src.c.obj
[2/2] Linking C executable cmTC_c40d3


Source file was:
int main(void) { return 0; }
Performing C SOURCE FILE Test check_C__nostartfiles__nostdlib__isystem___opt_nordic_ncs_toolchains_v2_3_0_opt_zephyr_sdk_arm_zephyr_eabi_bin____lib_gcc_arm_zephyr_eabi_12_1_0_include___isystem___opt_nordic_ncs_toolchains_v2_3_0_opt_zephyr_sdk_arm_zephyr_eabi_bin____lib_gcc_arm_zephyr_eabi_12_1_0_include_fixed___Wl___unresolved_symbols_ignore_in_object_files__Wl___entry_0__mcpu_cortex_m33__mthumb__mabi_aapcs__mfpu_fpv5_sp_d16__mfloat_abi_hard__mfp16_format_ieee succeeded with the following output:
Change Dir: /Users/marius/Documents/GitHub/bachelornordic/MOB_unit/build_1/CMakeFiles/CMakeTmp

Run Build Command(s):/opt/nordic/ncs/toolchains/v2.3.0/bin/ninja cmTC_2dfd9 && [1/2] Building C object CMakeFiles/cmTC_2dfd9.dir/src.c.obj
[2/2] Linking C executable cmTC_2dfd9


Source file was:
int main(void) { return 0; }
